<?xml version="1.0" encoding="UTF-8"?>
<testng-results skipped="0" failed="0" total="1" passed="1">
  <reporter-output>
  </reporter-output>
  <suite name="Default suite" duration-ms="5253" started-at="2019-04-10T10:27:17Z" finished-at="2019-04-10T10:27:22Z">
    <groups>
    </groups>
    <test name="Default test" duration-ms="5253" started-at="2019-04-10T10:27:17Z" finished-at="2019-04-10T10:27:22Z">
      <class name="practiceMavenProject.Practice2">
        <test-method status="PASS" signature="errorMsgValidation()[pri:0, instance:practiceMavenProject.Practice2@17d0578]" name="errorMsgValidation" duration-ms="5232" started-at="2019-04-10T15:57:17Z" finished-at="2019-04-10T15:57:22Z">
          <reporter-output>
          </reporter-output>
        </test-method> <!-- errorMsgValidation -->
      </class> <!-- practiceMavenProject.Practice2 -->
    </test> <!-- Default test -->
  </suite> <!-- Default suite -->
</testng-results>
