<?xml version="1.0" encoding="UTF-8"?>
<!-- Generated by org.testng.reporters.JUnitXMLReporter -->
<testsuite hostname="POWER-PC" name="signin" tests="3" failures="0" timestamp="7 Mar 2019 07:33:37 GMT" time="67.872" errors="0">
  <testcase name="test2" time="22.741" classname="com.mavenDemo.MavenProject.OptimizedCodeTest"/>
  <testcase name="test3" time="18.96" classname="com.mavenDemo.MavenProject.OptimizedCodeTest"/>
  <testcase name="test4" time="26.129" classname="com.mavenDemo.MavenProject.OptimizedCodeTest"/>
</testsuite> <!-- signin -->
